<input>

	<A>
	</A>
	<B>
	</B>
	<h>
	</h>
	<mode>
	</mode>
	<faults>
	</faults>
	<variance>
	</variance>
	<initialset>
	</initialset>
	<name>
	</name>
	<time>
	</time>
	<unsafestate>
	</unsafestate>
	<unsafeparam>
	</unsafeparam>

</input>
